android/app/build/intermediates/manifest_merge_blame_file/release/manifest-merger-blame-release-report.txt
1<?xml version="1.0" encoding="utf-8"?>
2<manifest xmlns:android="http://schemas.android.com/apk/res/android"
3    package="com.campus42"
4    android:versionCode="61"
5    android:versionName="1.6.5" >
6
7    <uses-sdk
8        android:minSdkVersion="21"
8-->src/main/AndroidManifest.xml
9        android:targetSdkVersion="29" />
9-->src/main/AndroidManifest.xml
10
11    <uses-permission android:name="android.permission.INTERNET" />
11-->src/main/AndroidManifest.xml:3:3-65
11-->src/main/AndroidManifest.xml:3:20-62
12    <uses-permission android:name="android.permission.ACCESS_FINE_LOCATION" />
12-->src/main/AndroidManifest.xml:4:3-77
12-->src/main/AndroidManifest.xml:4:20-74
13    <uses-permission android:name="android.permission.ACCESS_COARSE_LOCATION" />
13-->src/main/AndroidManifest.xml:5:3-79
13-->src/main/AndroidManifest.xml:5:20-76
14    <uses-permission android:name="android.permission.CAMERA" />
14-->src/main/AndroidManifest.xml:6:3-63
14-->src/main/AndroidManifest.xml:6:20-60
15    <uses-permission android:name="android.permission.READ_EXTERNAL_STORAGE" />
15-->src/main/AndroidManifest.xml:7:3-78
15-->src/main/AndroidManifest.xml:7:20-75
16    <uses-permission android:name="android.permission.WRITE_EXTERNAL_STORAGE" />
16-->src/main/AndroidManifest.xml:8:3-79
16-->src/main/AndroidManifest.xml:8:20-76
17    <uses-permission android:name="android.permission.DOWNLOAD_WITHOUT_NOTIFICATION" />
17-->src/main/AndroidManifest.xml:9:3-86
17-->src/main/AndroidManifest.xml:9:20-83
18    <uses-permission android:name="android.permission.VIBRATE" />
18-->src/main/AndroidManifest.xml:10:3-64
18-->src/main/AndroidManifest.xml:10:20-61
19    <uses-permission android:name="android.permission.ACCESS_NETWORK_STATE" />
19-->src/main/AndroidManifest.xml:11:3-77
19-->src/main/AndroidManifest.xml:11:20-74
20    <uses-permission android:name="android.permission.NFC" />
20-->src/main/AndroidManifest.xml:12:3-60
20-->src/main/AndroidManifest.xml:12:20-57
21    <uses-permission android:name="android.permission.WRITE_CALENDAR" />
21-->[:react-native-calendar-events] AndroidManifest.xml:11:5-73
21-->[:react-native-calendar-events] AndroidManifest.xml:11:22-70
22    <uses-permission android:name="android.permission.READ_CALENDAR" />
22-->[:react-native-calendar-events] AndroidManifest.xml:12:5-72
22-->[:react-native-calendar-events] AndroidManifest.xml:12:22-69
23    <uses-permission android:name="android.permission.WAKE_LOCK" />
23-->[notifee_core_release.aar] AndroidManifest.xml:11:5-68
23-->[notifee_core_release.aar] AndroidManifest.xml:11:22-65
24    <uses-permission android:name="android.permission.RECEIVE_BOOT_COMPLETED" />
24-->[notifee_core_release.aar] AndroidManifest.xml:13:5-81
24-->[notifee_core_release.aar] AndroidManifest.xml:13:22-78
25    <uses-permission android:name="android.permission.FOREGROUND_SERVICE" />
25-->[notifee_core_release.aar] AndroidManifest.xml:16:5-77
25-->[notifee_core_release.aar] AndroidManifest.xml:16:22-74
26    <uses-permission android:name="android.permission.USE_FULL_SCREEN_INTENT" />
26-->[notifee_core_release.aar] AndroidManifest.xml:17:5-81
26-->[notifee_core_release.aar] AndroidManifest.xml:17:22-78
27
28    <uses-feature
28-->[:react-native-camera] AndroidManifest.xml:11:5-13:36
29        android:name="android.hardware.camera"
29-->[:react-native-camera] AndroidManifest.xml:12:9-47
30        android:required="false" />
30-->[:react-native-camera] AndroidManifest.xml:13:9-33
31    <uses-feature
31-->[:react-native-camera] AndroidManifest.xml:14:5-16:36
32        android:name="android.hardware.camera.autofocus"
32-->[:react-native-camera] AndroidManifest.xml:15:9-57
33        android:required="false" />
33-->[:react-native-camera] AndroidManifest.xml:16:9-33
34    <uses-feature
34-->[:react-native-nfc-manager] AndroidManifest.xml:11:5-13:36
35        android:name="android.hardware.nfc"
35-->[:react-native-nfc-manager] AndroidManifest.xml:12:9-44
36        android:required="false" /> <!-- Required to access Google Play Licensing -->
36-->[:react-native-nfc-manager] AndroidManifest.xml:13:9-33
37    <uses-permission android:name="com.android.vending.CHECK_LICENSE" /> <!-- Required to check whether Wi-Fi is enabled -->
37-->[:rn-fetch-blob] AndroidManifest.xml:12:5-73
37-->[:rn-fetch-blob] AndroidManifest.xml:12:22-70
38    <uses-permission android:name="android.permission.ACCESS_WIFI_STATE" /> <!-- Required by older versions of Google Play services to create IID tokens -->
38-->[:rn-fetch-blob] AndroidManifest.xml:30:5-76
38-->[:rn-fetch-blob] AndroidManifest.xml:30:22-73
39    <uses-permission android:name="com.google.android.c2dm.permission.RECEIVE" />
39-->[com.google.android.gms:play-services-iid:17.0.0] AndroidManifest.xml:23:5-82
39-->[com.google.android.gms:play-services-iid:17.0.0] AndroidManifest.xml:23:22-79
40
41    <uses-feature
41-->[com.google.android.gms:play-services-maps:17.0.0] AndroidManifest.xml:26:5-28:35
42        android:glEsVersion="0x00020000"
42-->[com.google.android.gms:play-services-maps:17.0.0] AndroidManifest.xml:27:9-41
43        android:required="true" />
43-->[com.google.android.gms:play-services-maps:17.0.0] AndroidManifest.xml:28:9-32
44
45    <uses-permission android:name="com.google.android.finsky.permission.BIND_GET_INSTALL_REFERRER_SERVICE" /> <!-- for android -->
45-->[com.google.android.gms:play-services-measurement:19.0.0] AndroidManifest.xml:26:5-110
45-->[com.google.android.gms:play-services-measurement:19.0.0] AndroidManifest.xml:26:22-107
46    <!-- <uses-permission android:name="com.android.launcher.permission.READ_SETTINGS"/> -->
47    <!-- <uses-permission android:name="com.android.launcher.permission.WRITE_SETTINGS"/> -->
48    <!-- <uses-permission android:name="com.android.launcher.permission.INSTALL_SHORTCUT" /> -->
49    <!-- <uses-permission android:name="com.android.launcher.permission.UNINSTALL_SHORTCUT" /> -->
50    <!-- for Samsung -->
51    <uses-permission android:name="com.sec.android.provider.badge.permission.READ" />
51-->[me.leolin:ShortcutBadger:1.1.22] AndroidManifest.xml:19:5-86
51-->[me.leolin:ShortcutBadger:1.1.22] AndroidManifest.xml:19:22-83
52    <uses-permission android:name="com.sec.android.provider.badge.permission.WRITE" /> <!-- for htc -->
52-->[me.leolin:ShortcutBadger:1.1.22] AndroidManifest.xml:20:5-87
52-->[me.leolin:ShortcutBadger:1.1.22] AndroidManifest.xml:20:22-84
53    <uses-permission android:name="com.htc.launcher.permission.READ_SETTINGS" />
53-->[me.leolin:ShortcutBadger:1.1.22] AndroidManifest.xml:23:5-81
53-->[me.leolin:ShortcutBadger:1.1.22] AndroidManifest.xml:23:22-78
54    <uses-permission android:name="com.htc.launcher.permission.UPDATE_SHORTCUT" /> <!-- for sony -->
54-->[me.leolin:ShortcutBadger:1.1.22] AndroidManifest.xml:24:5-83
54-->[me.leolin:ShortcutBadger:1.1.22] AndroidManifest.xml:24:22-80
55    <uses-permission android:name="com.sonyericsson.home.permission.BROADCAST_BADGE" />
55-->[me.leolin:ShortcutBadger:1.1.22] AndroidManifest.xml:27:5-88
55-->[me.leolin:ShortcutBadger:1.1.22] AndroidManifest.xml:27:22-85
56    <uses-permission android:name="com.sonymobile.home.permission.PROVIDER_INSERT_BADGE" /> <!-- for apex -->
56-->[me.leolin:ShortcutBadger:1.1.22] AndroidManifest.xml:28:5-92
56-->[me.leolin:ShortcutBadger:1.1.22] AndroidManifest.xml:28:22-89
57    <uses-permission android:name="com.anddoes.launcher.permission.UPDATE_COUNT" /> <!-- for solid -->
57-->[me.leolin:ShortcutBadger:1.1.22] AndroidManifest.xml:31:5-84
57-->[me.leolin:ShortcutBadger:1.1.22] AndroidManifest.xml:31:22-81
58    <uses-permission android:name="com.majeur.launcher.permission.UPDATE_BADGE" /> <!-- for huawei -->
58-->[me.leolin:ShortcutBadger:1.1.22] AndroidManifest.xml:34:5-83
58-->[me.leolin:ShortcutBadger:1.1.22] AndroidManifest.xml:34:22-80
59    <uses-permission android:name="com.huawei.android.launcher.permission.CHANGE_BADGE" />
59-->[me.leolin:ShortcutBadger:1.1.22] AndroidManifest.xml:37:5-91
59-->[me.leolin:ShortcutBadger:1.1.22] AndroidManifest.xml:37:22-88
60    <uses-permission android:name="com.huawei.android.launcher.permission.READ_SETTINGS" />
60-->[me.leolin:ShortcutBadger:1.1.22] AndroidManifest.xml:38:5-92
60-->[me.leolin:ShortcutBadger:1.1.22] AndroidManifest.xml:38:22-89
61    <uses-permission android:name="com.huawei.android.launcher.permission.WRITE_SETTINGS" /> <!-- for ZUK -->
61-->[me.leolin:ShortcutBadger:1.1.22] AndroidManifest.xml:39:5-93
61-->[me.leolin:ShortcutBadger:1.1.22] AndroidManifest.xml:39:22-90
62    <uses-permission android:name="android.permission.READ_APP_BADGE" /> <!-- for OPPO -->
62-->[me.leolin:ShortcutBadger:1.1.22] AndroidManifest.xml:42:5-73
62-->[me.leolin:ShortcutBadger:1.1.22] AndroidManifest.xml:42:22-70
63    <uses-permission android:name="com.oppo.launcher.permission.READ_SETTINGS" />
63-->[me.leolin:ShortcutBadger:1.1.22] AndroidManifest.xml:45:5-82
63-->[me.leolin:ShortcutBadger:1.1.22] AndroidManifest.xml:45:22-79
64    <uses-permission android:name="com.oppo.launcher.permission.WRITE_SETTINGS" /> <!-- for EvMe -->
64-->[me.leolin:ShortcutBadger:1.1.22] AndroidManifest.xml:46:5-83
64-->[me.leolin:ShortcutBadger:1.1.22] AndroidManifest.xml:46:22-80
65    <uses-permission android:name="me.everything.badger.permission.BADGE_COUNT_READ" />
65-->[me.leolin:ShortcutBadger:1.1.22] AndroidManifest.xml:49:5-88
65-->[me.leolin:ShortcutBadger:1.1.22] AndroidManifest.xml:49:22-85
66    <uses-permission android:name="me.everything.badger.permission.BADGE_COUNT_WRITE" />
66-->[me.leolin:ShortcutBadger:1.1.22] AndroidManifest.xml:50:5-89
66-->[me.leolin:ShortcutBadger:1.1.22] AndroidManifest.xml:50:22-86
67
68    <application
68-->src/main/AndroidManifest.xml:15:3-28:17
69        android:name="com.campus42.MainApplication"
69-->src/main/AndroidManifest.xml:15:16-47
70        android:allowBackup="false"
70-->src/main/AndroidManifest.xml:15:162-189
71        android:appComponentFactory="androidx.core.app.CoreComponentFactory"
71-->[androidx.core:core:1.7.0-alpha01] AndroidManifest.xml:24:18-86
72        android:icon="@mipmap/ic_launcher"
72-->src/main/AndroidManifest.xml:15:81-115
73        android:label="@string/app_name"
73-->src/main/AndroidManifest.xml:15:48-80
74        android:requestLegacyExternalStorage="true"
74-->src/main/AndroidManifest.xml:15:222-265
75        android:roundIcon="@mipmap/ic_launcher_round"
75-->src/main/AndroidManifest.xml:15:116-161
76        android:theme="@style/AppTheme" >
76-->src/main/AndroidManifest.xml:15:190-221
77
78        <!-- TODO: android:requestLegacyExternalStorage="true" is it neccessary -->
79        <activity
79-->src/main/AndroidManifest.xml:17:5-22:16
80            android:name="com.campus42.MainActivity"
80-->src/main/AndroidManifest.xml:17:15-43
81            android:configChanges="keyboard|keyboardHidden|orientation|screenSize|uiMode"
81-->src/main/AndroidManifest.xml:17:77-154
82            android:label="@string/app_name"
82-->src/main/AndroidManifest.xml:17:44-76
83            android:launchMode="singleTask"
83-->src/main/AndroidManifest.xml:17:155-186
84            android:windowSoftInputMode="adjustResize" >
84-->src/main/AndroidManifest.xml:17:187-229
85            <intent-filter>
85-->src/main/AndroidManifest.xml:18:7-21:23
86                <action android:name="android.intent.action.MAIN" />
86-->src/main/AndroidManifest.xml:19:9-61
86-->src/main/AndroidManifest.xml:19:17-58
87
88                <category android:name="android.intent.category.LAUNCHER" />
88-->src/main/AndroidManifest.xml:20:9-69
88-->src/main/AndroidManifest.xml:20:19-66
89            </intent-filter>
90        </activity>
91        <activity android:name="com.facebook.react.devsupport.DevSettingsActivity" />
91-->src/main/AndroidManifest.xml:23:5-82
91-->src/main/AndroidManifest.xml:23:15-79
92
93        <meta-data
93-->src/main/AndroidManifest.xml:24:5-120
94            android:name="com.google.android.geo.API_KEY"
94-->src/main/AndroidManifest.xml:24:16-61
95            android:value="AIzaSyAiNCZ_3CDNXynFas4b1UsHI6XdQwT6YcY" />
95-->src/main/AndroidManifest.xml:24:62-117
96
97        <!-- You will also only need to add this uses-library tag -->
98        <uses-library
98-->src/main/AndroidManifest.xml:27:5-84
99            android:name="org.apache.http.legacy"
99-->src/main/AndroidManifest.xml:27:19-56
100            android:required="false" />
100-->src/main/AndroidManifest.xml:27:57-81
101        <!-- A proxy-service that gives the library an opportunity to do some work before launching/resuming the actual application task. -->
102        <service android:name="com.wix.reactnativenotifications.core.ProxyService" />
102-->[:react-native-notifications] AndroidManifest.xml:14:9-86
102-->[:react-native-notifications] AndroidManifest.xml:14:18-83
103        <service android:name="com.wix.reactnativenotifications.fcm.FcmInstanceIdListenerService" >
103-->[:react-native-notifications] AndroidManifest.xml:15:9-20:19
103-->[:react-native-notifications] AndroidManifest.xml:15:18-98
104            <intent-filter>
104-->[:react-native-notifications] AndroidManifest.xml:16:13-19:29
105                <action android:name="com.google.firebase.MESSAGING_EVENT" />
105-->[:react-native-notifications] AndroidManifest.xml:17:17-78
105-->[:react-native-notifications] AndroidManifest.xml:17:25-75
106                <action android:name="com.google.firebase.INSTANCE_ID_EVENT" />
106-->[:react-native-notifications] AndroidManifest.xml:18:17-80
106-->[:react-native-notifications] AndroidManifest.xml:18:25-77
107            </intent-filter>
108        </service>
109        <service
109-->[:react-native-notifications] AndroidManifest.xml:21:9-24:72
110            android:name="com.wix.reactnativenotifications.fcm.FcmInstanceIdRefreshHandlerService"
110-->[:react-native-notifications] AndroidManifest.xml:22:13-99
111            android:exported="false"
111-->[:react-native-notifications] AndroidManifest.xml:23:13-37
112            android:permission="android.permission.BIND_JOB_SERVICE" />
112-->[:react-native-notifications] AndroidManifest.xml:24:13-69
113
114        <meta-data
114-->[:unimodules-react-native-adapter] AndroidManifest.xml:12:9-14:91
115            android:name="org.unimodules.core.AppLoader#react-native-headless"
115-->[:unimodules-react-native-adapter] AndroidManifest.xml:13:13-79
116            android:value="org.unimodules.adapters.react.apploader.RNHeadlessAppLoader" />
116-->[:unimodules-react-native-adapter] AndroidManifest.xml:14:13-88
117
118        <provider
118-->[:notifee_react-native] AndroidManifest.xml:12:9-16:40
119            android:name="io.invertase.notifee.NotifeeInitProvider"
119-->[:notifee_react-native] AndroidManifest.xml:13:13-68
120            android:authorities="com.campus42.notifee-init-provider"
120-->[:notifee_react-native] AndroidManifest.xml:14:13-73
121            android:exported="false"
121-->[:notifee_react-native] AndroidManifest.xml:15:13-37
122            android:initOrder="-100" /> <!-- Receiver Service -->
122-->[:notifee_react-native] AndroidManifest.xml:16:13-37
123        <service
123-->[notifee_core_release.aar] AndroidManifest.xml:22:9-24:40
124            android:name="app.notifee.core.ReceiverService"
124-->[notifee_core_release.aar] AndroidManifest.xml:23:13-60
125            android:exported="false" /> <!-- Foreground Service -->
125-->[notifee_core_release.aar] AndroidManifest.xml:24:13-37
126        <service
126-->[notifee_core_release.aar] AndroidManifest.xml:27:9-29:40
127            android:name="app.notifee.core.ForegroundService"
127-->[notifee_core_release.aar] AndroidManifest.xml:28:13-62
128            android:exported="false" /> <!-- Broadcast Receiver -->
128-->[notifee_core_release.aar] AndroidManifest.xml:29:13-37
129        <receiver
129-->[notifee_core_release.aar] AndroidManifest.xml:32:9-40:20
130            android:name="app.notifee.core.BlockStateBroadcastReceiver"
130-->[notifee_core_release.aar] AndroidManifest.xml:33:13-72
131            android:exported="false" >
131-->[notifee_core_release.aar] AndroidManifest.xml:34:13-37
132            <intent-filter>
132-->[notifee_core_release.aar] AndroidManifest.xml:35:13-39:29
133                <action android:name="android.app.action.APP_BLOCK_STATE_CHANGED" />
133-->[notifee_core_release.aar] AndroidManifest.xml:36:17-85
133-->[notifee_core_release.aar] AndroidManifest.xml:36:25-82
134                <action android:name="android.app.action.NOTIFICATION_CHANNEL_BLOCK_STATE_CHANGED" />
134-->[notifee_core_release.aar] AndroidManifest.xml:37:17-102
134-->[notifee_core_release.aar] AndroidManifest.xml:37:25-99
135                <action android:name="android.app.action.NOTIFICATION_CHANNEL_GROUP_BLOCK_STATE_CHANGED" />
135-->[notifee_core_release.aar] AndroidManifest.xml:38:17-108
135-->[notifee_core_release.aar] AndroidManifest.xml:38:25-105
136            </intent-filter>
137        </receiver>
138
139        <meta-data
139-->[:react-native-firebase_analytics] AndroidManifest.xml:16:9-18:36
140            android:name="firebase_analytics_collection_enabled"
140-->[:react-native-firebase_analytics] AndroidManifest.xml:17:13-65
141            android:value="true" /> <!-- Disable crashlytics by default so we can custom init with CrashlyticsNdk support -->
141-->[:react-native-firebase_analytics] AndroidManifest.xml:18:13-33
142        <meta-data
142-->[:react-native-firebase_crashlytics] AndroidManifest.xml:14:9-16:37
143            android:name="firebase_crashlytics_collection_enabled"
143-->[:react-native-firebase_crashlytics] AndroidManifest.xml:15:13-67
144            android:value="false" />
144-->[:react-native-firebase_crashlytics] AndroidManifest.xml:16:13-34
145
146        <provider
146-->[:react-native-firebase_crashlytics] AndroidManifest.xml:18:9-22:38
147            android:name="io.invertase.firebase.crashlytics.ReactNativeFirebaseCrashlyticsInitProvider"
147-->[:react-native-firebase_crashlytics] AndroidManifest.xml:19:13-104
148            android:authorities="com.campus42.reactnativefirebasecrashlyticsinitprovider"
148-->[:react-native-firebase_crashlytics] AndroidManifest.xml:20:13-94
149            android:exported="false"
149-->[:react-native-firebase_crashlytics] AndroidManifest.xml:21:13-37
150            android:initOrder="98" />
150-->[:react-native-firebase_crashlytics] AndroidManifest.xml:22:13-35
151
152        <service android:name="io.invertase.firebase.messaging.ReactNativeFirebaseMessagingHeadlessService" />
152-->[:react-native-firebase_messaging] AndroidManifest.xml:16:9-111
152-->[:react-native-firebase_messaging] AndroidManifest.xml:16:18-108
153        <service
153-->[:react-native-firebase_messaging] AndroidManifest.xml:17:9-23:19
154            android:name="io.invertase.firebase.messaging.ReactNativeFirebaseMessagingService"
154-->[:react-native-firebase_messaging] AndroidManifest.xml:18:13-95
155            android:exported="false" >
155-->[:react-native-firebase_messaging] AndroidManifest.xml:19:13-37
156            <intent-filter>
156-->[:react-native-firebase_messaging] AndroidManifest.xml:20:13-22:29
157                <action android:name="com.google.firebase.MESSAGING_EVENT" />
157-->[:react-native-notifications] AndroidManifest.xml:17:17-78
157-->[:react-native-notifications] AndroidManifest.xml:17:25-75
158            </intent-filter>
159        </service>
160
161        <receiver
161-->[:react-native-firebase_messaging] AndroidManifest.xml:25:9-32:20
162            android:name="io.invertase.firebase.messaging.ReactNativeFirebaseMessagingReceiver"
162-->[:react-native-firebase_messaging] AndroidManifest.xml:26:13-96
163            android:exported="true"
163-->[:react-native-firebase_messaging] AndroidManifest.xml:27:13-36
164            android:permission="com.google.android.c2dm.permission.SEND" >
164-->[:react-native-firebase_messaging] AndroidManifest.xml:28:13-73
165            <intent-filter>
165-->[:react-native-firebase_messaging] AndroidManifest.xml:29:13-31:29
166                <action android:name="com.google.android.c2dm.intent.RECEIVE" />
166-->[:react-native-firebase_messaging] AndroidManifest.xml:30:17-81
166-->[:react-native-firebase_messaging] AndroidManifest.xml:30:25-78
167            </intent-filter>
168        </receiver>
169
170        <meta-data
170-->[:react-native-firebase_messaging] AndroidManifest.xml:34:9-36:36
171            android:name="firebase_messaging_auto_init_enabled"
171-->[:react-native-firebase_messaging] AndroidManifest.xml:35:13-64
172            android:value="true" />
172-->[:react-native-firebase_messaging] AndroidManifest.xml:36:13-33
173        <meta-data
173-->[:react-native-firebase_messaging] AndroidManifest.xml:37:9-39:32
174            android:name="com.google.firebase.messaging.default_notification_channel_id"
174-->[:react-native-firebase_messaging] AndroidManifest.xml:38:13-89
175            android:value="" />
175-->[:react-native-firebase_messaging] AndroidManifest.xml:39:13-29
176        <meta-data
176-->[:react-native-firebase_messaging] AndroidManifest.xml:40:9-42:47
177            android:name="com.google.firebase.messaging.default_notification_color"
177-->[:react-native-firebase_messaging] AndroidManifest.xml:41:13-84
178            android:resource="@color/white" />
178-->[:react-native-firebase_messaging] AndroidManifest.xml:42:13-44
179        <meta-data
179-->[:react-native-firebase_perf] AndroidManifest.xml:12:9-14:36
180            android:name="firebase_performance_collection_enabled"
180-->[:react-native-firebase_perf] AndroidManifest.xml:13:13-67
181            android:value="true" />
181-->[:react-native-firebase_perf] AndroidManifest.xml:14:13-33
182
183        <activity android:name="com.masteratul.exceptionhandler.DefaultErrorScreen" >
183-->[:react-native-exception-handler] AndroidManifest.xml:12:9-13:20
183-->[:react-native-exception-handler] AndroidManifest.xml:12:19-84
184        </activity>
185
186        <provider
186-->[:react-native-image-picker] AndroidManifest.xml:10:9-18:20
187            android:name="com.imagepicker.FileProvider"
187-->[:react-native-image-picker] AndroidManifest.xml:11:13-56
188            android:authorities="com.campus42.provider"
188-->[:react-native-image-picker] AndroidManifest.xml:12:13-60
189            android:exported="false"
189-->[:react-native-image-picker] AndroidManifest.xml:13:13-37
190            android:grantUriPermissions="true" >
190-->[:react-native-image-picker] AndroidManifest.xml:14:13-47
191            <meta-data
191-->[:react-native-image-picker] AndroidManifest.xml:15:13-17:58
192                android:name="android.support.FILE_PROVIDER_PATHS"
192-->[:react-native-image-picker] AndroidManifest.xml:16:17-67
193                android:resource="@xml/provider_paths" />
193-->[:react-native-image-picker] AndroidManifest.xml:17:17-55
194        </provider>
195        <provider
195-->[:react-native-webview] AndroidManifest.xml:12:9-20:20
196            android:name="com.reactnativecommunity.webview.RNCWebViewFileProvider"
196-->[:react-native-webview] AndroidManifest.xml:13:13-83
197            android:authorities="com.campus42.fileprovider"
197-->[:react-native-webview] AndroidManifest.xml:14:13-64
198            android:exported="false"
198-->[:react-native-webview] AndroidManifest.xml:15:13-37
199            android:grantUriPermissions="true" >
199-->[:react-native-webview] AndroidManifest.xml:16:13-47
200            <meta-data
200-->[:react-native-image-picker] AndroidManifest.xml:15:13-17:58
201                android:name="android.support.FILE_PROVIDER_PATHS"
201-->[:react-native-image-picker] AndroidManifest.xml:16:17-67
202                android:resource="@xml/file_provider_paths" />
202-->[:react-native-image-picker] AndroidManifest.xml:17:17-55
203        </provider>
204        <provider
204-->[:rn-fetch-blob] AndroidManifest.xml:36:9-44:20
205            android:name="com.RNFetchBlob.Utils.FileProvider"
205-->[:rn-fetch-blob] AndroidManifest.xml:37:13-62
206            android:authorities="com.campus42.provider"
206-->[:rn-fetch-blob] AndroidManifest.xml:38:13-60
207            android:exported="false"
207-->[:rn-fetch-blob] AndroidManifest.xml:39:13-37
208            android:grantUriPermissions="true" >
208-->[:rn-fetch-blob] AndroidManifest.xml:40:13-47
209            <meta-data
209-->[:react-native-image-picker] AndroidManifest.xml:15:13-17:58
210                android:name="android.support.FILE_PROVIDER_PATHS"
210-->[:react-native-image-picker] AndroidManifest.xml:16:17-67
211                android:resource="@xml/provider_paths" />
211-->[:react-native-image-picker] AndroidManifest.xml:17:17-55
212        </provider>
213        <provider
213-->[:expo-file-system] AndroidManifest.xml:17:9-26:20
214            android:name="expo.modules.filesystem.FileSystemFileProvider"
214-->[:expo-file-system] AndroidManifest.xml:18:13-74
215            android:authorities="com.campus42.FileSystemFileProvider"
215-->[:expo-file-system] AndroidManifest.xml:19:13-74
216            android:exported="false"
216-->[:expo-file-system] AndroidManifest.xml:20:13-37
217            android:grantUriPermissions="true" >
217-->[:expo-file-system] AndroidManifest.xml:21:13-47
218            <meta-data
218-->[:react-native-image-picker] AndroidManifest.xml:15:13-17:58
219                android:name="android.support.FILE_PROVIDER_PATHS"
219-->[:react-native-image-picker] AndroidManifest.xml:16:17-67
220                android:resource="@xml/file_system_provider_paths" />
220-->[:react-native-image-picker] AndroidManifest.xml:17:17-55
221        </provider>
222
223        <activity
223-->[com.google.firebase:firebase-auth:21.0.1] AndroidManifest.xml:27:9-44:20
224            android:name="com.google.firebase.auth.internal.GenericIdpActivity"
224-->[com.google.firebase:firebase-auth:21.0.1] AndroidManifest.xml:28:13-80
225            android:excludeFromRecents="true"
225-->[com.google.firebase:firebase-auth:21.0.1] AndroidManifest.xml:29:13-46
226            android:exported="true"
226-->[com.google.firebase:firebase-auth:21.0.1] AndroidManifest.xml:30:13-36
227            android:launchMode="singleTask"
227-->[com.google.firebase:firebase-auth:21.0.1] AndroidManifest.xml:31:13-44
228            android:theme="@android:style/Theme.Translucent.NoTitleBar" >
228-->[com.google.firebase:firebase-auth:21.0.1] AndroidManifest.xml:32:13-72
229            <intent-filter>
229-->[com.google.firebase:firebase-auth:21.0.1] AndroidManifest.xml:33:13-43:29
230                <action android:name="android.intent.action.VIEW" />
230-->[com.google.firebase:firebase-auth:21.0.1] AndroidManifest.xml:34:17-69
230-->[com.google.firebase:firebase-auth:21.0.1] AndroidManifest.xml:34:25-66
231
232                <category android:name="android.intent.category.DEFAULT" />
232-->[com.google.firebase:firebase-auth:21.0.1] AndroidManifest.xml:36:17-76
232-->[com.google.firebase:firebase-auth:21.0.1] AndroidManifest.xml:36:27-73
233                <category android:name="android.intent.category.BROWSABLE" />
233-->[com.google.firebase:firebase-auth:21.0.1] AndroidManifest.xml:37:17-78
233-->[com.google.firebase:firebase-auth:21.0.1] AndroidManifest.xml:37:27-75
234
235                <data
235-->[com.google.firebase:firebase-auth:21.0.1] AndroidManifest.xml:39:17-42:51
236                    android:host="firebase.auth"
236-->[com.google.firebase:firebase-auth:21.0.1] AndroidManifest.xml:40:21-49
237                    android:path="/"
237-->[com.google.firebase:firebase-auth:21.0.1] AndroidManifest.xml:41:21-37
238                    android:scheme="genericidp" />
238-->[com.google.firebase:firebase-auth:21.0.1] AndroidManifest.xml:42:21-48
239            </intent-filter>
240        </activity>
241        <activity
241-->[com.google.firebase:firebase-auth:21.0.1] AndroidManifest.xml:45:9-62:20
242            android:name="com.google.firebase.auth.internal.RecaptchaActivity"
242-->[com.google.firebase:firebase-auth:21.0.1] AndroidManifest.xml:46:13-79
243            android:excludeFromRecents="true"
243-->[com.google.firebase:firebase-auth:21.0.1] AndroidManifest.xml:47:13-46
244            android:exported="true"
244-->[com.google.firebase:firebase-auth:21.0.1] AndroidManifest.xml:48:13-36
245            android:launchMode="singleTask"
245-->[com.google.firebase:firebase-auth:21.0.1] AndroidManifest.xml:49:13-44
246            android:theme="@android:style/Theme.Translucent.NoTitleBar" >
246-->[com.google.firebase:firebase-auth:21.0.1] AndroidManifest.xml:50:13-72
247            <intent-filter>
247-->[com.google.firebase:firebase-auth:21.0.1] AndroidManifest.xml:51:13-61:29
248                <action android:name="android.intent.action.VIEW" />
248-->[com.google.firebase:firebase-auth:21.0.1] AndroidManifest.xml:34:17-69
248-->[com.google.firebase:firebase-auth:21.0.1] AndroidManifest.xml:34:25-66
249
250                <category android:name="android.intent.category.DEFAULT" />
250-->[com.google.firebase:firebase-auth:21.0.1] AndroidManifest.xml:36:17-76
250-->[com.google.firebase:firebase-auth:21.0.1] AndroidManifest.xml:36:27-73
251                <category android:name="android.intent.category.BROWSABLE" />
251-->[com.google.firebase:firebase-auth:21.0.1] AndroidManifest.xml:37:17-78
251-->[com.google.firebase:firebase-auth:21.0.1] AndroidManifest.xml:37:27-75
252
253                <data
253-->[com.google.firebase:firebase-auth:21.0.1] AndroidManifest.xml:39:17-42:51
254                    android:host="firebase.auth"
254-->[com.google.firebase:firebase-auth:21.0.1] AndroidManifest.xml:40:21-49
255                    android:path="/"
255-->[com.google.firebase:firebase-auth:21.0.1] AndroidManifest.xml:41:21-37
256                    android:scheme="recaptcha" />
256-->[com.google.firebase:firebase-auth:21.0.1] AndroidManifest.xml:42:21-48
257            </intent-filter>
258        </activity>
259
260        <service
260-->[com.google.firebase:firebase-auth:21.0.1] AndroidManifest.xml:64:9-73:19